<?xml version="1.0" encoding="UTF-8"?>
<!-- Generated by org.testng.reporters.JUnitXMLReporter -->
<testsuite ignored="0" hostname="PratiksPC" failures="1" tests="11" name="Test" time="0.038" errors="0" timestamp="29 Jan 2022 16:34:02 GMT">
  <testcase classname="selenium.Testing1" name="abc" time="0.0"/>
  <testcase classname="selenium.Testing1" name="abc" time="0.0"/>
  <testcase classname="selenium.Testing1" name="abc" time="0.0"/>
  <testcase classname="selenium.Testing1" name="test1" time="0.001"/>
  <testcase classname="selenium.Testing1" name="test2" time="0.0"/>
  <testcase classname="selenium.Testing1" name="test3" time="0.001"/>
  <testcase classname="selenium.Testing2" name="test4" time="0.0"/>
  <testcase classname="selenium.Testing2" name="test5" time="0.0"/>
  <testcase classname="selenium.Testing3" name="createuser" time="0.002"/>
  <testcase classname="selenium.Testing3" name="edituser" time="0.001"/>
  <testcase classname="selenium.Testing3" name="deleteuser" time="0.002">
    <failure type="java.lang.AssertionError" message="expected [abc1] but found [abc]">
      <![CDATA[java.lang.AssertionError: expected [abc1] but found [abc]
at selenium.Testing3.deleteuser(Testing3.java:33)
... Removed 30 stack frames]]>
    </failure>
  </testcase> <!-- deleteuser -->
</testsuite> <!-- Test -->
